0.123077 0.461538 0 0.938462 1 0 1.17196 0.2365 1
0.153846 0.492308 0.246154 0.292308 1 -0.1 1.44076 0.191428 1
0.369231 0.830769 0.615385 0.938462 -1 0 1.26445 0.22021 1
0 0.215385 0.646154 0.692308 -1 0.1 1.1399 0.242339 1
0 0.276923 0.276923 0.507692 -1 0 1.21419 0.228961 1
0.0307692 0.323077 0.430769 0.830769 1 0 0.939224 0.281057 2
0.430769 0.584615 0.461538 0.507692 -1 0.1 1.0593 0.257444 1
0.215385 0.492308 0.584615 0.938462 1 0 1.00316 0.268321 1
0 0.323077 0.307692 0.523077 -1 0 0.834966 0.302596 2
0.953846 0.969231 0 0.707692 -1 0.1 1.00044 0.268855 2
0.461538 0.676923 0.0307692 0.292308 -1 0 0.977616 0.273365 1
0.123077 0.461538 0.584615 0.630769 1 -0.1 0.705904 0.330505 1
0.276923 0.430769 0.184615 0.630769 1 0 0.87819 0.293553 1
0 0.0153846 0.461538 0.507692 1 -0.2 0.721672 0.327025 4
0.369231 0.846154 0.584615 0.738462 -1 0 0.688269 0.334418 2
0.0923077 0.8 0.461538 0.615385 -1 0 0.642197 0.34475 5
0.861538 0.907692 0.707692 0.984615 1 -0.1 0.68103 0.336031 2
0 0.215385 0.307692 0.938462 -1 0 0.827711 0.304129 1
0.0615385 0.892308 0.0307692 0.738462 1 0 0.644063 0.344329 5
0.153846 0.492308 0.8 0.846154 1 -0.1 0.71058 0.329471 1
0.0615385 0.584615 0.461538 0.969231 1 0 0.785969 0.313035 1
0.430769 0.584615 0 0.938462 -1 0 0.63256 0.34693 1
0.707692 0.861538 0.369231 0.415385 1 -0.1 0.844264 0.300637 1
